<?xml version="1.0" encoding="UTF-8"?>
<!-- Generated by org.testng.reporters.JUnitXMLReporter -->
<testsuite hostname="LenovoT430AAM" ignored="0" name="User-Blog-Tests-using-Groups-based-TestNG-Suite-by-Abhijit_Malankar_MScEngg_TU_Berlin" tests="5" failures="1" timestamp="12 Feb 2020 17:15:10 GMT" time="7.292" errors="0">
  <testcase name="Test_1_Search_for_user_Samantha" time="3.37" classname="com.qatest.Test1_user_blog_search_user_Samantha"/>
  <testcase name="Test_2_User_blog_search_posts_and_post_ids_by_user_Samantha" time="0.77" classname="com.qatest.Test2_user_blog_search_posts_by_user_Samantha"/>
  <testcase name="Test_3_User_blog_search_comments_comment_ids_and_emails_by_user_Samantha" time="0.913" classname="com.qatest.Test3a_user_blog_search_comments_by_user_Samantha"/>
  <testcase name="Test_4_Email_Start_Syntax_validation_for_Email_id_0_Comment_id_101_Postid_21_by_user_Samantha" time="1.17" classname="com.qatest.Test3b_user_blog_to_validate_email_formats_in_comments"/>
  <testcase name="Test_5_Email_End_Syntax_validation_for_Email_id_0_Comment_id_101_Postid_21_by_user_Samantha" time="1.031" classname="com.qatest.Test3b_user_blog_to_validate_email_formats_in_comments">
    <failure type="java.lang.AssertionError" message="1 expectation failed.
JSON path email[0] doesn&amp;apos;t match.
Expected: (a string ending with &amp;quot;@rod.com&amp;quot; or a string containing &amp;quot;@rod.org&amp;quot; or a string containing &amp;quot;@rod.net&amp;quot; or a string containing &amp;quot;@rod.de&amp;quot; or a string containing &amp;quot;@rod.us&amp;quot; or a string containing &amp;quot;@rod.co.uk&amp;quot; or a string containing &amp;quot;@rod.biz&amp;quot;)
  Actual: Lura@rod.tv

--------------------------------------------------------------------------------------------------------------
 ( TestNG Listener class Message for Failed Test Case  ) - Test 5 - is Fail for Email_End_Syntax_validation_for_Email_id_0_Comment_id_101_Postid_21_by_user_Samantha 
 End syntax of Email_id_0_ is found not matching to the standard generic top-level domains (gTLD) being compared for this test like -  ( .com/.org/.net/.de/.us/.co.uk/ .biz/ )
-------------------------------------------------------------------------------------------------------------- 
 ">
      <![CDATA[java.lang.AssertionError: 1 expectation failed.
JSON path email[0] doesn't match.
Expected: (a string ending with "@rod.com" or a string containing "@rod.org" or a string containing "@rod.net" or a string containing "@rod.de" or a string containing "@rod.us" or a string containing "@rod.co.uk" or a string containing "@rod.biz")
  Actual: Lura@rod.tv

--------------------------------------------------------------------------------------------------------------
 ( TestNG Listener class Message for Failed Test Case  ) - Test 5 - is Fail for Email_End_Syntax_validation_for_Email_id_0_Comment_id_101_Postid_21_by_user_Samantha 
 End syntax of Email_id_0_ is found not matching to the standard generic top-level domains (gTLD) being compared for this test like -  ( .com/.org/.net/.de/.us/.co.uk/ .biz/ )
-------------------------------------------------------------------------------------------------------------- 
 
	at org.codehaus.groovy.runtime.callsite.ConstructorSite$ConstructorSiteNoUnwrap.callConstructor(ConstructorSite.java:84)
	at org.codehaus.groovy.runtime.callsite.CallSiteArray.defaultCallConstructor(CallSiteArray.java:59)
	at org.codehaus.groovy.runtime.callsite.AbstractCallSite.callConstructor(AbstractCallSite.java:237)
	at org.codehaus.groovy.runtime.callsite.AbstractCallSite.callConstructor(AbstractCallSite.java:249)
	at io.restassured.internal.ResponseSpecificationImpl$HamcrestAssertionClosure.validate(ResponseSpecificationImpl.groovy:493)
	at io.restassured.internal.ResponseSpecificationImpl$HamcrestAssertionClosure$validate$1.call(Unknown Source)
	at io.restassured.internal.ResponseSpecificationImpl.validateResponseIfRequired(ResponseSpecificationImpl.groovy:674)
	at org.codehaus.groovy.runtime.callsite.PlainObjectMetaMethodSite.doInvoke(PlainObjectMetaMethodSite.java:43)
	at org.codehaus.groovy.runtime.callsite.PogoMetaMethodSite$PogoCachedMethodSiteNoUnwrapNoCoerce.invoke(PogoMetaMethodSite.java:190)
	at org.codehaus.groovy.runtime.callsite.PogoMetaMethodSite.callCurrent(PogoMetaMethodSite.java:58)
	at org.codehaus.groovy.runtime.callsite.AbstractCallSite.callCurrent(AbstractCallSite.java:168)
	at io.restassured.internal.ResponseSpecificationImpl.body(ResponseSpecificationImpl.groovy:261)
	at io.restassured.specification.ResponseSpecification$body$0.callCurrent(Unknown Source)
	at io.restassured.internal.ResponseSpecificationImpl.body(ResponseSpecificationImpl.groovy:108)
	at io.restassured.internal.ValidatableResponseOptionsImpl.body(ValidatableResponseOptionsImpl.java:244)
	at io.restassured.internal.ValidatableResponseImpl.super$2$body(ValidatableResponseImpl.groovy)
	at groovy.lang.MetaMethod.doMethodInvoke(MetaMethod.java:323)
	at groovy.lang.MetaClassImpl.invokeMethod(MetaClassImpl.java:1217)
	at org.codehaus.groovy.runtime.ScriptBytecodeAdapter.invokeMethodOnSuperN(ScriptBytecodeAdapter.java:144)
	at io.restassured.internal.ValidatableResponseImpl.body(ValidatableResponseImpl.groovy:298)
	at io.restassured.internal.ValidatableResponseImpl.body(ValidatableResponseImpl.groovy)
	at com.qatest.Test3b_user_blog_to_validate_email_formats_in_comments.Test_5_Email_End_Syntax_validation_for_Email_id_0_Comment_id_101_Postid_21_by_user_Samantha(Test3b_user_blog_to_validate_email_formats_in_comments.java:127)
... Removed 40 stack frames]]>
    </failure>
  </testcase> <!-- Test_5_Email_End_Syntax_validation_for_Email_id_0_Comment_id_101_Postid_21_by_user_Samantha -->
</testsuite> <!-- User-Blog-Tests-using-Groups-based-TestNG-Suite-by-Abhijit_Malankar_MScEngg_TU_Berlin -->
