<?xml version="1.0" encoding="UTF-8"?>
<!-- Generated by org.testng.reporters.JUnitReportReporter -->
<testsuite skipped="0" hostname="LenovoT430AAM" name="com.qatest.Test3b_user_blog_to_validate_email_formats_in_comments" tests="2" failures="1" timestamp="12 Feb 2020 17:30:42 GMT" time="6.283" errors="0">
  <testcase name="Test_4_Email_Start_Syntax_validation_for_Email_id_0_Comment_id_101_Postid_21_by_user_Samantha" time="3.104" classname="com.qatest.Test3b_user_blog_to_validate_email_formats_in_comments"/>
  <testcase name="Test_5_Email_End_Syntax_validation_for_Email_id_0_Comment_id_101_Postid_21_by_user_Samantha" time="3.179" classname="com.qatest.Test3b_user_blog_to_validate_email_formats_in_comments">
    <failure type="java.lang.AssertionError" message="1 expectation failed.
JSON path email[0] doesn&#039;t match.
Expected: (a string ending with &quot;@rod.com&quot; or a string containing &quot;@rod.org&quot; or a string containing &quot;@rod.net&quot; or a string containing &quot;@rod.de&quot; or a string containing &quot;@rod.us&quot; or a string containing &quot;@rod.co.uk&quot; or a string containing &quot;@rod.biz&quot;)
  Actual: Lura@rod.tv

--------------------------------------------------------------------------------------------------------------
 ( TestNG Listener class Message for Failed Test Case  ) - Test 5 - is Fail for Email_End_Syntax_validation_for_Email_id_0_Comment_id_101_Postid_21_by_user_Samantha 
 End syntax of Email_id_0_ is found not matching to the standard generic top-level domains (gTLD) being compared for this test like -  ( .com/.org/.net/.de/.us/.co.uk/ .biz/ )
-------------------------------------------------------------------------------------------------------------- 
 ">
      <![CDATA[java.lang.AssertionError: 1 expectation failed.
JSON path email[0] doesn't match.
Expected: (a string ending with "@rod.com" or a string containing "@rod.org" or a string containing "@rod.net" or a string containing "@rod.de" or a string containing "@rod.us" or a string containing "@rod.co.uk" or a string containing "@rod.biz")
  Actual: Lura@rod.tv

--------------------------------------------------------------------------------------------------------------
 ( TestNG Listener class Message for Failed Test Case  ) - Test 5 - is Fail for Email_End_Syntax_validation_for_Email_id_0_Comment_id_101_Postid_21_by_user_Samantha 
 End syntax of Email_id_0_ is found not matching to the standard generic top-level domains (gTLD) being compared for this test like -  ( .com/.org/.net/.de/.us/.co.uk/ .biz/ )
-------------------------------------------------------------------------------------------------------------- 
 
	at sun.reflect.NativeConstructorAccessorImpl.newInstance0(Native Method)
	at sun.reflect.NativeConstructorAccessorImpl.newInstance(Unknown Source)
	at sun.reflect.DelegatingConstructorAccessorImpl.newInstance(Unknown Source)
	at java.lang.reflect.Constructor.newInstance(Unknown Source)
	at org.codehaus.groovy.reflection.CachedConstructor.invoke(CachedConstructor.java:80)
	at org.codehaus.groovy.reflection.CachedConstructor.doConstructorInvoke(CachedConstructor.java:74)
	at org.codehaus.groovy.runtime.callsite.ConstructorSite$ConstructorSiteNoUnwrap.callConstructor(ConstructorSite.java:84)
	at org.codehaus.groovy.runtime.callsite.CallSiteArray.defaultCallConstructor(CallSiteArray.java:59)
	at org.codehaus.groovy.runtime.callsite.AbstractCallSite.callConstructor(AbstractCallSite.java:237)
	at org.codehaus.groovy.runtime.callsite.AbstractCallSite.callConstructor(AbstractCallSite.java:249)
	at io.restassured.internal.ResponseSpecificationImpl$HamcrestAssertionClosure.validate(ResponseSpecificationImpl.groovy:493)
	at io.restassured.internal.ResponseSpecificationImpl$HamcrestAssertionClosure$validate$1.call(Unknown Source)
	at io.restassured.internal.ResponseSpecificationImpl.validateResponseIfRequired(ResponseSpecificationImpl.groovy:674)
	at sun.reflect.NativeMethodAccessorImpl.invoke0(Native Method)
	at sun.reflect.NativeMethodAccessorImpl.invoke(Unknown Source)
	at sun.reflect.DelegatingMethodAccessorImpl.invoke(Unknown Source)
	at java.lang.reflect.Method.invoke(Unknown Source)
	at org.codehaus.groovy.runtime.callsite.PlainObjectMetaMethodSite.doInvoke(PlainObjectMetaMethodSite.java:43)
	at org.codehaus.groovy.runtime.callsite.PogoMetaMethodSite$PogoCachedMethodSiteNoUnwrapNoCoerce.invoke(PogoMetaMethodSite.java:190)
	at org.codehaus.groovy.runtime.callsite.PogoMetaMethodSite.callCurrent(PogoMetaMethodSite.java:58)
	at org.codehaus.groovy.runtime.callsite.AbstractCallSite.callCurrent(AbstractCallSite.java:168)
	at io.restassured.internal.ResponseSpecificationImpl.body(ResponseSpecificationImpl.groovy:261)
	at io.restassured.specification.ResponseSpecification$body$0.callCurrent(Unknown Source)
	at io.restassured.internal.ResponseSpecificationImpl.body(ResponseSpecificationImpl.groovy:108)
	at io.restassured.internal.ValidatableResponseOptionsImpl.body(ValidatableResponseOptionsImpl.java:244)
	at io.restassured.internal.ValidatableResponseImpl.super$2$body(ValidatableResponseImpl.groovy)
	at sun.reflect.NativeMethodAccessorImpl.invoke0(Native Method)
	at sun.reflect.NativeMethodAccessorImpl.invoke(Unknown Source)
	at sun.reflect.DelegatingMethodAccessorImpl.invoke(Unknown Source)
	at java.lang.reflect.Method.invoke(Unknown Source)
	at org.codehaus.groovy.reflection.CachedMethod.invoke(CachedMethod.java:101)
	at groovy.lang.MetaMethod.doMethodInvoke(MetaMethod.java:323)
	at groovy.lang.MetaClassImpl.invokeMethod(MetaClassImpl.java:1217)
	at org.codehaus.groovy.runtime.ScriptBytecodeAdapter.invokeMethodOnSuperN(ScriptBytecodeAdapter.java:144)
	at io.restassured.internal.ValidatableResponseImpl.body(ValidatableResponseImpl.groovy:298)
	at io.restassured.internal.ValidatableResponseImpl.body(ValidatableResponseImpl.groovy)
	at com.qatest.Test3b_user_blog_to_validate_email_formats_in_comments.Test_5_Email_End_Syntax_validation_for_Email_id_0_Comment_id_101_Postid_21_by_user_Samantha(Test3b_user_blog_to_validate_email_formats_in_comments.java:127)
	at sun.reflect.NativeMethodAccessorImpl.invoke0(Native Method)
	at sun.reflect.NativeMethodAccessorImpl.invoke(Unknown Source)
	at sun.reflect.DelegatingMethodAccessorImpl.invoke(Unknown Source)
	at java.lang.reflect.Method.invoke(Unknown Source)
	at org.testng.internal.MethodInvocationHelper.invokeMethod(MethodInvocationHelper.java:108)
	at org.testng.internal.Invoker.invokeMethod(Invoker.java:661)
	at org.testng.internal.Invoker.invokeTestMethod(Invoker.java:869)
	at org.testng.internal.Invoker.invokeTestMethods(Invoker.java:1193)
	at org.testng.internal.TestMethodWorker.invokeTestMethods(TestMethodWorker.java:126)
	at org.testng.internal.TestMethodWorker.run(TestMethodWorker.java:109)
	at org.testng.TestRunner.privateRun(TestRunner.java:744)
	at org.testng.TestRunner.run(TestRunner.java:602)
	at org.testng.SuiteRunner.runTest(SuiteRunner.java:380)
	at org.testng.SuiteRunner.runSequentially(SuiteRunner.java:375)
	at org.testng.SuiteRunner.privateRun(SuiteRunner.java:340)
	at org.testng.SuiteRunner.run(SuiteRunner.java:289)
	at org.testng.SuiteRunnerWorker.runSuite(SuiteRunnerWorker.java:52)
	at org.testng.SuiteRunnerWorker.run(SuiteRunnerWorker.java:86)
	at org.testng.TestNG.runSuitesSequentially(TestNG.java:1301)
	at org.testng.TestNG.runSuitesLocally(TestNG.java:1226)
	at org.testng.TestNG.runSuites(TestNG.java:1144)
	at org.testng.TestNG.run(TestNG.java:1115)
	at org.testng.remote.AbstractRemoteTestNG.run(AbstractRemoteTestNG.java:132)
	at org.testng.remote.RemoteTestNG.initAndRun(RemoteTestNG.java:230)
	at org.testng.remote.RemoteTestNG.main(RemoteTestNG.java:76)
]]>
    </failure>
  </testcase> <!-- Test_5_Email_End_Syntax_validation_for_Email_id_0_Comment_id_101_Postid_21_by_user_Samantha -->
</testsuite> <!-- com.qatest.Test3b_user_blog_to_validate_email_formats_in_comments -->
